This file contains any messages produced by compilers while
running configure, to aid debugging if configure makes a mistake.

It was created by configure, which was
generated by GNU Autoconf 2.56.  Invocation command line was

  $ ./configure --prefix=/usr/local --with-libmad=system --with-vorbis=system --with-libsndfile=system --without-nyquist --with-id3tag=no --with-portaudio=v19 --cache-file=/dev/null --srcdir=.

## --------- ##
## Platform. ##
## --------- ##

hostname = trimble1dhcp30.ups.edu
uname -m = i686
uname -r = 2.4.20-8
uname -s = Linux
uname -v = #1 Thu Mar 13 17:18:24 EST 2003

/usr/bin/uname -p = unknown
/bin/uname -X     = unknown

/bin/arch              = i686
/usr/bin/arch -k       = unknown
/usr/convex/getsysinfo = unknown
hostinfo               = unknown
/bin/machine           = unknown
/usr/bin/oslevel       = unknown
/bin/universe          = unknown

PATH: /usr/local/bin
PATH: /usr/bin
PATH: /bin
PATH: /usr/bin/X11
PATH: /usr/games


## ----------- ##
## Core tests. ##
## ----------- ##

configure:1273: checking for gcc
configure:1289: found /usr/bin/gcc
configure:1299: result: gcc
configure:1543: checking for C compiler version
configure:1546: gcc --version </dev/null >&5
gcc (GCC) 3.2.3 20030316 (Debian prerelease)
Copyright (C) 2002 Free Software Foundation, Inc.
This is free software; see the source for copying conditions.  There is NO
warranty; not even for MERCHANTABILITY or FITNESS FOR A PARTICULAR PURPOSE.

configure:1549: $? = 0
configure:1551: gcc -v </dev/null >&5
Reading specs from /usr/lib/gcc-lib/i386-linux/3.2.3/specs
Configured with: ../src/configure -v --enable-languages=c,c++,java,f77,proto,pascal,objc,ada --prefix=/usr --mandir=/usr/share/man --infodir=/usr/share/info --with-gxx-include-dir=/usr/include/c++/3.2 --enable-shared --with-system-zlib --enable-nls --without-included-gettext --enable-__cxa_atexit --enable-clocale=gnu --enable-java-gc=boehm --enable-objc-gc i386-linux
Thread model: posix
gcc version 3.2.3 20030316 (Debian prerelease)
configure:1554: $? = 0
configure:1556: gcc -V </dev/null >&5
gcc: argument to `-V' is missing
configure:1559: $? = 1
configure:1583: checking for C compiler default output
configure:1586: gcc    conftest.c  >&5
configure:1589: $? = 0
configure:1635: result: a.out
configure:1640: checking whether the C compiler works
configure:1646: ./a.out
configure:1649: $? = 0
configure:1666: result: yes
configure:1673: checking whether we are cross compiling
configure:1675: result: no
configure:1678: checking for suffix of executables
configure:1680: gcc -o conftest    conftest.c  >&5
configure:1683: $? = 0
configure:1708: result: 
configure:1714: checking for suffix of object files
configure:1736: gcc -c   conftest.c >&5
configure:1739: $? = 0
configure:1761: result: o
configure:1765: checking whether we are using the GNU C compiler
configure:1790: gcc -c   conftest.c >&5
configure:1793: $? = 0
configure:1796: test -s conftest.o
configure:1799: $? = 0
configure:1812: result: yes
configure:1818: checking whether gcc accepts -g
configure:1840: gcc -c -g  conftest.c >&5
configure:1843: $? = 0
configure:1846: test -s conftest.o
configure:1849: $? = 0
configure:1860: result: yes
configure:1877: checking for gcc option to accept ANSI C
configure:1938: gcc  -c -g -O2  conftest.c >&5
configure:1941: $? = 0
configure:1944: test -s conftest.o
configure:1947: $? = 0
configure:1965: result: none needed
configure:1983: gcc -c -g -O2  conftest.c >&5
conftest.c:2: syntax error before "me"
configure:1986: $? = 1
configure: failed program was:
| #ifndef __cplusplus
|   choke me
| #endif
configure:2136: checking for ranlib
configure:2152: found /usr/bin/ranlib
configure:2163: result: ranlib
configure:2212: checking for a BSD-compatible install
configure:2266: result: /usr/bin/install -c
configure:2279: checking for ar
configure:2297: found /usr/bin/ar
configure:2310: result: /usr/bin/ar
configure:2324: checking whether byte ordering is bigendian
configure:2352: gcc -c -g -O2  conftest.c >&5
configure:2355: $? = 0
configure:2358: test -s conftest.o
configure:2361: $? = 0
configure:2386: gcc -c -g -O2  conftest.c >&5
configure: In function `main':
configure:2379: `not' undeclared (first use in this function)
configure:2379: (Each undeclared identifier is reported only once
configure:2379: for each function it appears in.)
configure:2379: syntax error before "big"
configure:2389: $? = 1
configure: failed program was:
| #line 2364 "configure"
| /* confdefs.h.  */
| 
| #define PACKAGE_NAME ""
| #define PACKAGE_TARNAME ""
| #define PACKAGE_VERSION ""
| #define PACKAGE_STRING ""
| #define PACKAGE_BUGREPORT ""
| /* end confdefs.h.  */
| #include <sys/types.h>
| #include <sys/param.h>
| 
| int
| main ()
| {
| #if BYTE_ORDER != BIG_ENDIAN
|  not big endian
| #endif
| 
|   ;
|   return 0;
| }
configure:2509: result: no
configure:2538: checking for snd_pcm_open in -lasound
configure:2569: gcc -o conftest -g -O2   conftest.c -lasound   >&5
configure:2572: $? = 0
configure:2575: test -s conftest
configure:2578: $? = 0
configure:2590: result: yes
configure:2605: checking for pkg-config
configure:2623: found /usr/bin/pkg-config
configure:2636: result: /usr/bin/pkg-config
configure:2653: checking for jack
configure:2657: result: yes
configure:2661: checking JACK_CFLAGS
configure:2664: result: -I/usr/local/include  
configure:2667: checking JACK_LIBS
configure:2670: result: -L/usr/local/lib -ljack -lpthread -ldl -lrt  
configure:3032: checking for pthread_create in -lpthread
configure:3063: gcc -o conftest -g -O2 -Wall -DPA_LITTLE_ENDIAN   conftest.c -lpthread   >&5
configure:3066: $? = 0
configure:3069: test -s conftest
configure:3072: $? = 0
configure:3084: result: yes
configure:3262: creating ./config.status

## ---------------------- ##
## Running config.status. ##
## ---------------------- ##

This file was extended by config.status, which was
generated by GNU Autoconf 2.56.  Invocation command line was

  CONFIG_FILES    = 
  CONFIG_HEADERS  = 
  CONFIG_LINKS    = 
  CONFIG_COMMANDS = 
  $ ./config.status 

on trimble1dhcp30.ups.edu

config.status:618: creating Makefile

## ---------------- ##
## Cache variables. ##
## ---------------- ##

ac_cv_c_bigendian=no
ac_cv_c_compiler_gnu=yes
ac_cv_env_CC_set=
ac_cv_env_CC_value=
ac_cv_env_CFLAGS_set=
ac_cv_env_CFLAGS_value=
ac_cv_env_CPPFLAGS_set=
ac_cv_env_CPPFLAGS_value=
ac_cv_env_LDFLAGS_set=
ac_cv_env_LDFLAGS_value=
ac_cv_env_build_alias_set=
ac_cv_env_build_alias_value=
ac_cv_env_host_alias_set=
ac_cv_env_host_alias_value=
ac_cv_env_target_alias_set=
ac_cv_env_target_alias_value=
ac_cv_exeext=
ac_cv_lib_asound_snd_pcm_open=yes
ac_cv_lib_pthread_pthread_create=yes
ac_cv_objext=o
ac_cv_path_AR=/usr/bin/ar
ac_cv_path_PKG_CONFIG=/usr/bin/pkg-config
ac_cv_path_install='/usr/bin/install -c'
ac_cv_prog_ac_ct_CC=gcc
ac_cv_prog_ac_ct_RANLIB=ranlib
ac_cv_prog_cc_g=yes
ac_cv_prog_cc_stdc=

## ----------------- ##
## Output variables. ##
## ----------------- ##

AR='/usr/bin/ar'
CC='gcc'
CFLAGS='-g -O2 -Wall -DPA_LITTLE_ENDIAN -I/usr/local/include  '
CPPFLAGS=''
CXXFLAGS=''
DEFS='-DPACKAGE_NAME=\"\" -DPACKAGE_TARNAME=\"\" -DPACKAGE_VERSION=\"\" -DPACKAGE_STRING=\"\" -DPACKAGE_BUGREPORT=\"\" -DHAVE_LIBPTHREAD=1 -DPA_USE_ALSA=1 -DPA_USE_JACK=1 -DPA_USE_OSS=1 '
DLL_LIBS=''
ECHO_C=''
ECHO_N='-n'
ECHO_T=''
EXEEXT=''
INSTALL_DATA='${INSTALL} -m 644'
INSTALL_PROGRAM='${INSTALL}'
INSTALL_SCRIPT='${INSTALL}'
JACK_CFLAGS='-I/usr/local/include  '
JACK_LIBS='-L/usr/local/lib -ljack -lpthread -ldl -lrt  '
LDFLAGS=''
LIBOBJS=''
LIBS='-lpthread  -lasound -L/usr/local/lib -ljack -lpthread -ldl -lrt   -lm -lpthread'
LTLIBOBJS=''
NASM=''
NASMOPT=''
OBJEXT='o'
OTHER_OBJS=' pa_linux_alsa/pa_linux_alsa.o pa_linux_alsa/callback_thread.o pa_linux_alsa/blocking_calls.o pa_jack/pa_jack.o pa_unix_oss/pa_unix_oss.o pa_unix/pa_unix_hostapis.o pa_unix/pa_unix_util.o'
PACKAGE_BUGREPORT=''
PACKAGE_NAME=''
PACKAGE_STRING=''
PACKAGE_TARNAME=''
PACKAGE_VERSION=''
PADLL='libportaudio.so'
PATH_SEPARATOR=':'
PKG_CONFIG='/usr/bin/pkg-config'
RANLIB='ranlib'
SHARED_FLAGS='-shared'
SHELL='/bin/sh'
ac_ct_CC='gcc'
ac_ct_RANLIB='ranlib'
bindir='${exec_prefix}/bin'
build_alias=''
datadir='${prefix}/share'
exec_prefix='${prefix}'
host_alias=''
includedir='${prefix}/include'
infodir='${prefix}/info'
libdir='${exec_prefix}/lib'
libexecdir='${exec_prefix}/libexec'
localstatedir='${prefix}/var'
mandir='${prefix}/man'
oldincludedir='/usr/include'
prefix='/usr/local'
program_transform_name='s,x,x,'
sbindir='${exec_prefix}/sbin'
sharedstatedir='${prefix}/com'
sysconfdir='${prefix}/etc'
target_alias=''

## ----------- ##
## confdefs.h. ##
## ----------- ##

#define HAVE_LIBPTHREAD 1
#define PACKAGE_BUGREPORT ""
#define PACKAGE_NAME ""
#define PACKAGE_STRING ""
#define PACKAGE_TARNAME ""
#define PACKAGE_VERSION ""
#define PA_USE_ALSA 1
#define PA_USE_JACK 1
#define PA_USE_OSS 1

configure: exit 0
