This file contains any messages produced by compilers while
running configure, to aid debugging if configure makes a mistake.

It was created by configure, which was
generated by GNU Autoconf 2.52.  Invocation command line was

  $ ./configure 

## ---------- ##
## Platform.  ##
## ---------- ##

hostname = brownie
uname -m = i686
uname -r = 2.4.2-2
uname -s = Linux
uname -v = #1 Sun Apr 8 20:41:30 EDT 2001

/usr/bin/uname -p = unknown
/bin/uname -X     = unknown

/bin/arch              = i686
/usr/bin/arch -k       = unknown
/usr/convex/getsysinfo = unknown
hostinfo               = unknown
/bin/machine           = unknown
/usr/bin/oslevel       = unknown
/bin/universe          = unknown

PATH = /home/dmazzoni/bin:/sbin:/bin:/usr/bin:/usr/X11R6/bin:/usr/local/bin:/home/dmazzoni/bin

## ------------ ##
## Core tests.  ##
## ------------ ##

configure:974: PATH=".;."; conftest.sh
./configure: conftest.sh: command not found
configure:977: $? = 127
configure:1029: checking for gcc
configure:1044: found /usr/bin/gcc
configure:1052: result: gcc
configure:1280: checking for C compiler version
configure:1283: gcc --version </dev/null >&5
2.96
configure:1286: $? = 0
configure:1288: gcc -v </dev/null >&5
Reading specs from /usr/lib/gcc-lib/i386-redhat-linux/2.96/specs
gcc version 2.96 20000731 (Red Hat Linux 7.1 2.96-81)
configure:1291: $? = 0
configure:1293: gcc -V </dev/null >&5
gcc: argument to `-V' is missing
configure:1296: $? = 1
configure:1316: checking for C compiler default output
configure:1319: gcc    conftest.c  >&5
configure:1322: $? = 0
configure:1351: result: a.out
configure:1356: checking whether the C compiler works
configure:1362: ./a.out
configure:1365: $? = 0
configure:1380: result: yes
configure:1387: checking whether we are cross compiling
configure:1389: result: no
configure:1392: checking for executable suffix
configure:1394: gcc -o conftest    conftest.c  >&5
configure:1397: $? = 0
configure:1419: result: 
configure:1425: checking for object suffix
configure:1443: gcc -c   conftest.c >&5
configure:1446: $? = 0
configure:1465: result: o
configure:1469: checking whether we are using the GNU C compiler
configure:1490: gcc -c   conftest.c >&5
configure:1493: $? = 0
configure:1496: test -s conftest.o
configure:1499: $? = 0
configure:1511: result: yes
configure:1517: checking whether gcc accepts -g
configure:1535: gcc -c -g  conftest.c >&5
configure:1538: $? = 0
configure:1541: test -s conftest.o
configure:1544: $? = 0
configure:1554: result: yes
configure:1581: gcc -c -g -O2  conftest.c >&5
conftest.c:2: parse error before `me'
configure:1584: $? = 1
configure: failed program was:
#ifndef __cplusplus
  choke me
#endif
configure:1687: checking how to run the C preprocessor
configure:1713: gcc -E  conftest.c
configure:1719: $? = 0
configure:1746: gcc -E  conftest.c
configure:1743:28: ac_nonexistent.h: No such file or directory
configure:1752: $? = 1
configure: failed program was:
#line 1742 "configure"
#include "confdefs.h"
#include <ac_nonexistent.h>
configure:1789: result: gcc -E
configure:1804: gcc -E  conftest.c
configure:1810: $? = 0
configure:1837: gcc -E  conftest.c
configure:1834:28: ac_nonexistent.h: No such file or directory
configure:1843: $? = 1
configure: failed program was:
#line 1833 "configure"
#include "confdefs.h"
#include <ac_nonexistent.h>
configure:1883: checking whether gcc needs -traditional
configure:1918: result: no
configure:1980: checking for g++
configure:1995: found /usr/bin/g++
configure:2003: result: g++
configure:2018: checking for C++ compiler version
configure:2021: g++ --version </dev/null >&5
2.96
configure:2024: $? = 0
configure:2026: g++ -v </dev/null >&5
Reading specs from /usr/lib/gcc-lib/i386-redhat-linux/2.96/specs
gcc version 2.96 20000731 (Red Hat Linux 7.1 2.96-81)
configure:2029: $? = 0
configure:2031: g++ -V </dev/null >&5
g++: argument to `-V' missing

configure:2034: $? = 1
configure:2037: checking whether we are using the GNU C++ compiler
configure:2058: g++ -c   conftest.cc >&5
configure:2061: $? = 0
configure:2064: test -s conftest.o
configure:2067: $? = 0
configure:2079: result: yes
configure:2085: checking whether g++ accepts -g
configure:2103: g++ -c -g  conftest.cc >&5
configure:2106: $? = 0
configure:2109: test -s conftest.o
configure:2112: $? = 0
configure:2122: result: yes
configure:2162: g++ -c -g -O2  conftest.cc >&5
configure:2165: $? = 0
configure:2168: test -s conftest.o
configure:2171: $? = 0
configure:2193: g++ -c -g -O2  conftest.cc >&5
configure: In function `int main ()':
configure:2186: `exit' undeclared (first use this function)
configure:2186: (Each undeclared identifier is reported only once for 
each function it appears in.)
configure:2196: $? = 1
configure: failed program was:
#line 2181 "configure"
#include "confdefs.h"

int
main ()
{
exit (42);
  ;
  return 0;
}
configure:2162: g++ -c -g -O2  conftest.cc >&5
configure:2165: $? = 0
configure:2168: test -s conftest.o
configure:2171: $? = 0
configure:2193: g++ -c -g -O2  conftest.cc >&5
configure:2196: $? = 0
configure:2199: test -s conftest.o
configure:2202: $? = 0
configure:2229: checking how to run the C++ preprocessor
configure:2251: g++ -E  conftest.cc
configure:2257: $? = 0
configure:2284: g++ -E  conftest.cc
configure:2281:28: ac_nonexistent.h: No such file or directory
configure:2290: $? = 1
configure: failed program was:
#line 2280 "configure"
#include "confdefs.h"
#include <ac_nonexistent.h>
configure:2327: result: g++ -E
configure:2342: g++ -E  conftest.cc
configure:2348: $? = 0
configure:2375: g++ -E  conftest.cc
configure:2372:28: ac_nonexistent.h: No such file or directory
configure:2381: $? = 1
configure: failed program was:
#line 2371 "configure"
#include "confdefs.h"
#include <ac_nonexistent.h>
configure:2457: checking for a BSD compatible install
configure:2506: result: /usr/bin/install -c
configure:2567: checking build system type
configure:2585: result: i686-pc-linux-gnu
configure:2592: checking host system type
configure:2606: result: i686-pc-linux-gnu
configure:2776: checking for zip
configure:2793: found /usr/bin/zip
configure:2805: result: /usr/bin/zip
configure:2821: checking for wx-config
configure:2838: found /usr/local/bin/wx-config
configure:2850: result: /usr/local/bin/wx-config
configure:2865: checking for gcc option to accept ANSI C
configure:2922: g++ -c -g -O2 -I../lib-src/allegro -I../lib-src/libmad  -I/usr/local/include -I/usr/local/lib/wx/include -D__USE_WXCONFIG__ -DGTK_NO_CHECK_CASTS -D__WXGTK__ conftest.cc >&5
configure:2881: `p' was not declared in this scope
configure:2881: `i' was not declared in this scope
configure:2882: initializer list being treated as compound expression
configure:2882: syntax error before `char'
configure:2884: parse error before `{'
configure: In function `int main ()':
configure:2905: cannot convert `char *' to `char *(*) (char **, int)' 
for argument `1' to `f (char *(*) (char **, int), char **, ...)'
configure:2905: cannot convert `char *' to `char *(*) (char **, int)' 
for argument `1' to `f (char *(*) (char **, int), char **, ...)'
configure:2925: $? = 1
configure: failed program was:
#line 2873 "configure"
#include "confdefs.h"
#include <stdarg.h>
#include <stdio.h>
#include <sys/types.h>
#include <sys/stat.h>
/* Most of the following tests are stolen from RCS 5.7's src/conf.sh.  */
struct buf { int x; };
FILE * (*rcsopen) (struct buf *, struct stat *, int);
static char *e (p, i)
     char **p;
     int i;
{
  return p[i];
}
static char *f (char * (*g) (char **, int), char **p, ...)
{
  char *s;
  va_list v;
  va_start (v,p);
  s = g (p, va_arg (v,int));
  va_end (v);
  return s;
}
int test (int i, double x);
struct s1 {int (*f) (int a);};
struct s2 {int (*f) (double a);};
int pairnames (int, char **, FILE *(*)(struct buf *, struct stat *, int), int, int);
int argc;
char **argv;
int
main ()
{
return f (e, argv, 0) != argv[0]  ||  f (e, argv, 1) != argv[1];
  ;
  return 0;
}
configure:2922: g++ -c -g -O2 -I../lib-src/allegro -I../lib-src/libmad  -I/usr/local/include -I/usr/local/lib/wx/include -D__USE_WXCONFIG__ -DGTK_NO_CHECK_CASTS -D__WXGTK__ conftest.cc >&5
configure:2881: `p' was not declared in this scope
configure:2881: `i' was not declared in this scope
configure:2882: initializer list being treated as compound expression
configure:2882: syntax error before `char'
configure:2884: parse error before `{'
configure: In function `int main ()':
configure:2905: cannot convert `char *' to `char *(*) (char **, int)' 
for argument `1' to `f (char *(*) (char **, int), char **, ...)'
configure:2905: cannot convert `char *' to `char *(*) (char **, int)' 
for argument `1' to `f (char *(*) (char **, int), char **, ...)'
configure:2925: $? = 1
configure: failed program was:
#line 2873 "configure"
#include "confdefs.h"
#include <stdarg.h>
#include <stdio.h>
#include <sys/types.h>
#include <sys/stat.h>
/* Most of the following tests are stolen from RCS 5.7's src/conf.sh.  */
struct buf { int x; };
FILE * (*rcsopen) (struct buf *, struct stat *, int);
static char *e (p, i)
     char **p;
     int i;
{
  return p[i];
}
static char *f (char * (*g) (char **, int), char **p, ...)
{
  char *s;
  va_list v;
  va_start (v,p);
  s = g (p, va_arg (v,int));
  va_end (v);
  return s;
}
int test (int i, double x);
struct s1 {int (*f) (int a);};
struct s2 {int (*f) (double a);};
int pairnames (int, char **, FILE *(*)(struct buf *, struct stat *, int), int, int);
int argc;
char **argv;
int
main ()
{
return f (e, argv, 0) != argv[0]  ||  f (e, argv, 1) != argv[1];
  ;
  return 0;
}
configure:2922: g++ -c -g -O2 -I../lib-src/allegro -I../lib-src/libmad  -I/usr/local/include -I/usr/local/lib/wx/include -D__USE_WXCONFIG__ -DGTK_NO_CHECK_CASTS -D__WXGTK__ conftest.cc >&5
configure:2881: `p' was not declared in this scope
configure:2881: `i' was not declared in this scope
configure:2882: initializer list being treated as compound expression
configure:2882: syntax error before `char'
configure:2884: parse error before `{'
configure: In function `int main ()':
configure:2905: cannot convert `char *' to `char *(*) (char **, int)' 
for argument `1' to `f (char *(*) (char **, int), char **, ...)'
configure:2905: cannot convert `char *' to `char *(*) (char **, int)' 
for argument `1' to `f (char *(*) (char **, int), char **, ...)'
configure:2925: $? = 1
configure: failed program was:
#line 2873 "configure"
#include "confdefs.h"
#include <stdarg.h>
#include <stdio.h>
#include <sys/types.h>
#include <sys/stat.h>
/* Most of the following tests are stolen from RCS 5.7's src/conf.sh.  */
struct buf { int x; };
FILE * (*rcsopen) (struct buf *, struct stat *, int);
static char *e (p, i)
     char **p;
     int i;
{
  return p[i];
}
static char *f (char * (*g) (char **, int), char **p, ...)
{
  char *s;
  va_list v;
  va_start (v,p);
  s = g (p, va_arg (v,int));
  va_end (v);
  return s;
}
int test (int i, double x);
struct s1 {int (*f) (int a);};
struct s2 {int (*f) (double a);};
int pairnames (int, char **, FILE *(*)(struct buf *, struct stat *, int), int, int);
int argc;
char **argv;
int
main ()
{
return f (e, argv, 0) != argv[0]  ||  f (e, argv, 1) != argv[1];
  ;
  return 0;
}
configure:2922: g++ -c -g -O2 -I../lib-src/allegro -I../lib-src/libmad  -I/usr/local/include -I/usr/local/lib/wx/include -D__USE_WXCONFIG__ -DGTK_NO_CHECK_CASTS -D__WXGTK__ conftest.cc >&5
configure:2881: `p' was not declared in this scope
configure:2881: `i' was not declared in this scope
configure:2882: initializer list being treated as compound expression
configure:2882: syntax error before `char'
configure:2884: parse error before `{'
configure: In function `int main ()':
configure:2905: cannot convert `char *' to `char *(*) (char **, int)' 
for argument `1' to `f (char *(*) (char **, int), char **, ...)'
configure:2905: cannot convert `char *' to `char *(*) (char **, int)' 
for argument `1' to `f (char *(*) (char **, int), char **, ...)'
configure:2925: $? = 1
configure: failed program was:
#line 2873 "configure"
#include "confdefs.h"
#include <stdarg.h>
#include <stdio.h>
#include <sys/types.h>
#include <sys/stat.h>
/* Most of the following tests are stolen from RCS 5.7's src/conf.sh.  */
struct buf { int x; };
FILE * (*rcsopen) (struct buf *, struct stat *, int);
static char *e (p, i)
     char **p;
     int i;
{
  return p[i];
}
static char *f (char * (*g) (char **, int), char **p, ...)
{
  char *s;
  va_list v;
  va_start (v,p);
  s = g (p, va_arg (v,int));
  va_end (v);
  return s;
}
int test (int i, double x);
struct s1 {int (*f) (int a);};
struct s2 {int (*f) (double a);};
int pairnames (int, char **, FILE *(*)(struct buf *, struct stat *, int), int, int);
int argc;
char **argv;
int
main ()
{
return f (e, argv, 0) != argv[0]  ||  f (e, argv, 1) != argv[1];
  ;
  return 0;
}
configure:2922: g++ -c -g -O2 -I../lib-src/allegro -I../lib-src/libmad  -I/usr/local/include -I/usr/local/lib/wx/include -D__USE_WXCONFIG__ -DGTK_NO_CHECK_CASTS -D__WXGTK__ conftest.cc >&5
configure:2881: `p' was not declared in this scope
configure:2881: `i' was not declared in this scope
configure:2882: initializer list being treated as compound expression
configure:2882: syntax error before `char'
configure:2884: parse error before `{'
configure: In function `int main ()':
configure:2905: cannot convert `char *' to `char *(*) (char **, int)' 
for argument `1' to `f (char *(*) (char **, int), char **, ...)'
configure:2905: cannot convert `char *' to `char *(*) (char **, int)' 
for argument `1' to `f (char *(*) (char **, int), char **, ...)'
configure:2925: $? = 1
configure: failed program was:
#line 2873 "configure"
#include "confdefs.h"
#include <stdarg.h>
#include <stdio.h>
#include <sys/types.h>
#include <sys/stat.h>
/* Most of the following tests are stolen from RCS 5.7's src/conf.sh.  */
struct buf { int x; };
FILE * (*rcsopen) (struct buf *, struct stat *, int);
static char *e (p, i)
     char **p;
     int i;
{
  return p[i];
}
static char *f (char * (*g) (char **, int), char **p, ...)
{
  char *s;
  va_list v;
  va_start (v,p);
  s = g (p, va_arg (v,int));
  va_end (v);
  return s;
}
int test (int i, double x);
struct s1 {int (*f) (int a);};
struct s2 {int (*f) (double a);};
int pairnames (int, char **, FILE *(*)(struct buf *, struct stat *, int), int, int);
int argc;
char **argv;
int
main ()
{
return f (e, argv, 0) != argv[0]  ||  f (e, argv, 1) != argv[1];
  ;
  return 0;
}
configure:2922: g++ -c -g -O2 -I../lib-src/allegro -I../lib-src/libmad  -I/usr/local/include -I/usr/local/lib/wx/include -D__USE_WXCONFIG__ -DGTK_NO_CHECK_CASTS -D__WXGTK__ conftest.cc >&5
configure:2881: `p' was not declared in this scope
configure:2881: `i' was not declared in this scope
configure:2882: initializer list being treated as compound expression
configure:2882: syntax error before `char'
configure:2884: parse error before `{'
configure: In function `int main ()':
configure:2905: cannot convert `char *' to `char *(*) (char **, int)' 
for argument `1' to `f (char *(*) (char **, int), char **, ...)'
configure:2905: cannot convert `char *' to `char *(*) (char **, int)' 
for argument `1' to `f (char *(*) (char **, int), char **, ...)'
configure:2925: $? = 1
configure: failed program was:
#line 2873 "configure"
#include "confdefs.h"
#include <stdarg.h>
#include <stdio.h>
#include <sys/types.h>
#include <sys/stat.h>
/* Most of the following tests are stolen from RCS 5.7's src/conf.sh.  */
struct buf { int x; };
FILE * (*rcsopen) (struct buf *, struct stat *, int);
static char *e (p, i)
     char **p;
     int i;
{
  return p[i];
}
static char *f (char * (*g) (char **, int), char **p, ...)
{
  char *s;
  va_list v;
  va_start (v,p);
  s = g (p, va_arg (v,int));
  va_end (v);
  return s;
}
int test (int i, double x);
struct s1 {int (*f) (int a);};
struct s2 {int (*f) (double a);};
int pairnames (int, char **, FILE *(*)(struct buf *, struct stat *, int), int, int);
int argc;
char **argv;
int
main ()
{
return f (e, argv, 0) != argv[0]  ||  f (e, argv, 1) != argv[1];
  ;
  return 0;
}
configure:2948: result: none needed
configure:2956: checking for an ANSI C-conforming const
configure:3020: g++ -c -g -O2 -I../lib-src/allegro -I../lib-src/libmad  -I/usr/local/include -I/usr/local/lib/wx/include -D__USE_WXCONFIG__ -DGTK_NO_CHECK_CASTS -D__WXGTK__ conftest.cc >&5
configure:3023: $? = 0
configure:3026: test -s conftest.o
configure:3029: $? = 0
configure:3039: result: yes
configure:3049: checking for ANSI C header files
configure:3063: g++ -E  -I/usr/local/include -I/usr/local/lib/wx/include -D__USE_WXCONFIG__ -DGTK_NO_CHECK_CASTS -D__WXGTK__ conftest.cc
configure:3069: $? = 0
configure:3156: g++ -o conftest -g -O2 -I../lib-src/allegro -I../lib-src/libmad  -I/usr/local/include -I/usr/local/lib/wx/include -D__USE_WXCONFIG__ -DGTK_NO_CHECK_CASTS -D__WXGTK__  conftest.cc  -L/usr/local/lib -lwx_gtk -L/usr/lib -L/usr/X11R6/lib -lgtk -lgdk -rdynamic -lgmodule -lgthread -lglib -lpthread -ldl -lXi -lXext -lX11 -lm -ldl -lpthread -lm >&5
configure:3159: $? = 0
configure:3161: ./conftest
configure:3164: $? = 0
configure:3177: result: yes
configure:3193: checking for sys/types.h
configure:3205: g++ -c -g -O2 -I../lib-src/allegro -I../lib-src/libmad  -I/usr/local/include -I/usr/local/lib/wx/include -D__USE_WXCONFIG__ -DGTK_NO_CHECK_CASTS -D__WXGTK__ conftest.cc >&5
configure:3208: $? = 0
configure:3211: test -s conftest.o
configure:3214: $? = 0
configure:3224: result: yes
configure:3193: checking for sys/stat.h
configure:3205: g++ -c -g -O2 -I../lib-src/allegro -I../lib-src/libmad  -I/usr/local/include -I/usr/local/lib/wx/include -D__USE_WXCONFIG__ -DGTK_NO_CHECK_CASTS -D__WXGTK__ conftest.cc >&5
configure:3208: $? = 0
configure:3211: test -s conftest.o
configure:3214: $? = 0
configure:3224: result: yes
configure:3193: checking for stdlib.h
configure:3205: g++ -c -g -O2 -I../lib-src/allegro -I../lib-src/libmad  -I/usr/local/include -I/usr/local/lib/wx/include -D__USE_WXCONFIG__ -DGTK_NO_CHECK_CASTS -D__WXGTK__ conftest.cc >&5
configure:3208: $? = 0
configure:3211: test -s conftest.o
configure:3214: $? = 0
configure:3224: result: yes
configure:3193: checking for string.h
configure:3205: g++ -c -g -O2 -I../lib-src/allegro -I../lib-src/libmad  -I/usr/local/include -I/usr/local/lib/wx/include -D__USE_WXCONFIG__ -DGTK_NO_CHECK_CASTS -D__WXGTK__ conftest.cc >&5
configure:3208: $? = 0
configure:3211: test -s conftest.o
configure:3214: $? = 0
configure:3224: result: yes
configure:3193: checking for memory.h
configure:3205: g++ -c -g -O2 -I../lib-src/allegro -I../lib-src/libmad  -I/usr/local/include -I/usr/local/lib/wx/include -D__USE_WXCONFIG__ -DGTK_NO_CHECK_CASTS -D__WXGTK__ conftest.cc >&5
configure:3208: $? = 0
configure:3211: test -s conftest.o
configure:3214: $? = 0
configure:3224: result: yes
configure:3193: checking for strings.h
configure:3205: g++ -c -g -O2 -I../lib-src/allegro -I../lib-src/libmad  -I/usr/local/include -I/usr/local/lib/wx/include -D__USE_WXCONFIG__ -DGTK_NO_CHECK_CASTS -D__WXGTK__ conftest.cc >&5
configure:3208: $? = 0
configure:3211: test -s conftest.o
configure:3214: $? = 0
configure:3224: result: yes
configure:3193: checking for inttypes.h
configure:3205: g++ -c -g -O2 -I../lib-src/allegro -I../lib-src/libmad  -I/usr/local/include -I/usr/local/lib/wx/include -D__USE_WXCONFIG__ -DGTK_NO_CHECK_CASTS -D__WXGTK__ conftest.cc >&5
configure:3208: $? = 0
configure:3211: test -s conftest.o
configure:3214: $? = 0
configure:3224: result: yes
configure:3193: checking for stdint.h
configure:3205: g++ -c -g -O2 -I../lib-src/allegro -I../lib-src/libmad  -I/usr/local/include -I/usr/local/lib/wx/include -D__USE_WXCONFIG__ -DGTK_NO_CHECK_CASTS -D__WXGTK__ conftest.cc >&5
configure:3208: $? = 0
configure:3211: test -s conftest.o
configure:3214: $? = 0
configure:3224: result: yes
configure:3193: checking for unistd.h
configure:3205: g++ -c -g -O2 -I../lib-src/allegro -I../lib-src/libmad  -I/usr/local/include -I/usr/local/lib/wx/include -D__USE_WXCONFIG__ -DGTK_NO_CHECK_CASTS -D__WXGTK__ conftest.cc >&5
configure:3208: $? = 0
configure:3211: test -s conftest.o
configure:3214: $? = 0
configure:3224: result: yes
configure:3234: checking for off_t
configure:3255: g++ -c -g -O2 -I../lib-src/allegro -I../lib-src/libmad  -I/usr/local/include -I/usr/local/lib/wx/include -D__USE_WXCONFIG__ -DGTK_NO_CHECK_CASTS -D__WXGTK__ conftest.cc >&5
configure:3258: $? = 0
configure:3261: test -s conftest.o
configure:3264: $? = 0
configure:3274: result: yes
configure:3286: checking for size_t
configure:3307: g++ -c -g -O2 -I../lib-src/allegro -I../lib-src/libmad  -I/usr/local/include -I/usr/local/lib/wx/include -D__USE_WXCONFIG__ -DGTK_NO_CHECK_CASTS -D__WXGTK__ conftest.cc >&5
configure:3310: $? = 0
configure:3313: test -s conftest.o
configure:3316: $? = 0
configure:3326: result: yes
configure:3423: creating ./config.status

## ----------------------- ##
## Running config.status.  ##
## ----------------------- ##

This file was extended by config.status 2.52, executed with
  CONFIG_FILES    = 
  CONFIG_HEADERS  = 
  CONFIG_LINKS    = 
  CONFIG_COMMANDS = 
  > ./config.status 
on brownie

config.status:3878: creating Makefile
config.status:3878: creating src/Makefile
config.status:3878: creating lib-src/Makefile
config.status:3970: creating src/configunix.h
configure:4215: configuring in lib-src/libsndfile
configure:4282: running /bin/sh './configure'  --cache-file=/dev/null --srcdir=.
configure:4215: configuring in lib-src/portaudio/pa_linux_oss
configure:4268: WARNING: no configuration information is in lib-src/portaudio/pa_linux_oss
configure:4215: configuring in lib-src/libmad
configure:4282: running /bin/sh './configure'  --cache-file=/dev/null --srcdir=.
configure:4215: configuring in lib-src/libogg
configure:4282: running /bin/sh './configure'  --cache-file=/dev/null --srcdir=.
configure:4215: configuring in lib-src/libvorbis
configure:4282: running /bin/sh './configure'  --cache-file=/dev/null --srcdir=.

## ----------------- ##
## Cache variables.  ##
## ----------------- ##

ac_cv_build=i686-pc-linux-gnu
ac_cv_build_alias=i686-pc-linux-gnu
ac_cv_c_compiler_gnu=yes
ac_cv_c_const=yes
ac_cv_cxx_compiler_gnu=yes
ac_cv_env_CC_set=
ac_cv_env_CC_value=
ac_cv_env_CFLAGS_set=
ac_cv_env_CFLAGS_value=
ac_cv_env_CPPFLAGS_set=
ac_cv_env_CPPFLAGS_value=
ac_cv_env_CPP_set=
ac_cv_env_CPP_value=
ac_cv_env_CXXCPP_set=
ac_cv_env_CXXCPP_value=
ac_cv_env_CXXFLAGS_set=
ac_cv_env_CXXFLAGS_value=
ac_cv_env_CXX_set=
ac_cv_env_CXX_value=
ac_cv_env_LDFLAGS_set=
ac_cv_env_LDFLAGS_value=
ac_cv_env_build_alias_set=
ac_cv_env_build_alias_value=
ac_cv_env_host_alias_set=
ac_cv_env_host_alias_value=
ac_cv_env_target_alias_set=
ac_cv_env_target_alias_value=
ac_cv_header_inttypes_h=yes
ac_cv_header_memory_h=yes
ac_cv_header_stdc=yes
ac_cv_header_stdint_h=yes
ac_cv_header_stdlib_h=yes
ac_cv_header_string_h=yes
ac_cv_header_strings_h=yes
ac_cv_header_sys_stat_h=yes
ac_cv_header_sys_types_h=yes
ac_cv_header_unistd_h=yes
ac_cv_host=i686-pc-linux-gnu
ac_cv_host_alias=i686-pc-linux-gnu
ac_cv_objext=o
ac_cv_path_WX_CONFIG=/usr/local/bin/wx-config
ac_cv_path_ZIP=/usr/bin/zip
ac_cv_path_install='/usr/bin/install -c'
ac_cv_prog_CPP='gcc -E'
ac_cv_prog_CXXCPP='g++ -E'
ac_cv_prog_ac_ct_CC=gcc
ac_cv_prog_ac_ct_CXX=g++
ac_cv_prog_cc_g=yes
ac_cv_prog_cc_stdc=no
ac_cv_prog_cxx_g=yes
ac_cv_prog_gcc_traditional=no
ac_cv_type_off_t=yes
ac_cv_type_size_t=yes

## ------------ ##
## confdefs.h.  ##
## ------------ ##

#ifdef __cplusplus
#include <stdlib.h>
#endif
#define USE_LIBMAD 1
#define MP3SUPPORT 1
#define USE_LIBVORBIS 1
#define STDC_HEADERS 1
#define HAVE_SYS_TYPES_H 1
#define HAVE_SYS_STAT_H 1
#define HAVE_STDLIB_H 1
#define HAVE_STRING_H 1
#define HAVE_MEMORY_H 1
#define HAVE_STRINGS_H 1
#define HAVE_INTTYPES_H 1
#define HAVE_STDINT_H 1
#define HAVE_UNISTD_H 1


configure: exit 0
